mode: set
github.com/takattila/monitor/pkg/common/common.go:31.32,34.2 2 1
github.com/takattila/monitor/pkg/common/common.go:36.35,39.2 2 1
github.com/takattila/monitor/pkg/common/common.go:41.23,42.16 1 1
github.com/takattila/monitor/pkg/common/common.go:42.16,45.3 2 1
github.com/takattila/monitor/pkg/common/common.go:48.23,49.16 1 1
github.com/takattila/monitor/pkg/common/common.go:49.16,53.3 3 1
github.com/takattila/monitor/pkg/common/common.go:61.36,63.2 1 1
github.com/takattila/monitor/pkg/common/common.go:70.43,77.2 2 1
github.com/takattila/monitor/pkg/common/common.go:80.36,83.15 3 1
github.com/takattila/monitor/pkg/common/common.go:83.15,85.3 1 1
github.com/takattila/monitor/pkg/common/common.go:86.2,86.37 1 1
github.com/takattila/monitor/pkg/common/common.go:90.48,91.41 1 1
github.com/takattila/monitor/pkg/common/common.go:91.41,92.25 1 1
github.com/takattila/monitor/pkg/common/common.go:92.25,94.4 1 1
github.com/takattila/monitor/pkg/common/common.go:96.2,96.17 1 1
github.com/takattila/monitor/pkg/common/common.go:101.37,103.14 2 1
github.com/takattila/monitor/pkg/common/common.go:103.14,105.3 1 1
github.com/takattila/monitor/pkg/common/common.go:106.2,107.42 2 1
github.com/takattila/monitor/pkg/common/common.go:107.42,110.3 2 1
github.com/takattila/monitor/pkg/common/common.go:111.2,115.49 4 1
github.com/takattila/monitor/pkg/common/common.go:118.42,120.14 2 1
github.com/takattila/monitor/pkg/common/common.go:120.14,122.3 1 1
github.com/takattila/monitor/pkg/common/common.go:123.2,124.42 2 1
github.com/takattila/monitor/pkg/common/common.go:124.42,127.3 2 1
github.com/takattila/monitor/pkg/common/common.go:128.2,131.41 4 1
github.com/takattila/monitor/pkg/common/common.go:134.41,136.14 2 1
github.com/takattila/monitor/pkg/common/common.go:136.14,138.3 1 1
github.com/takattila/monitor/pkg/common/common.go:139.2,140.42 2 1
github.com/takattila/monitor/pkg/common/common.go:140.42,143.3 2 1
github.com/takattila/monitor/pkg/common/common.go:144.2,144.42 1 1
github.com/takattila/monitor/pkg/common/common.go:147.38,149.14 2 1
github.com/takattila/monitor/pkg/common/common.go:149.14,151.3 1 1
github.com/takattila/monitor/pkg/common/common.go:152.2,153.42 2 1
github.com/takattila/monitor/pkg/common/common.go:153.42,156.3 2 1
github.com/takattila/monitor/pkg/common/common.go:157.2,161.49 4 1
github.com/takattila/monitor/pkg/common/common.go:164.43,166.14 2 1
github.com/takattila/monitor/pkg/common/common.go:166.14,168.3 1 1
github.com/takattila/monitor/pkg/common/common.go:169.2,170.42 2 1
github.com/takattila/monitor/pkg/common/common.go:170.42,173.3 2 1
github.com/takattila/monitor/pkg/common/common.go:174.2,177.41 4 1
github.com/takattila/monitor/pkg/common/common.go:180.42,182.14 2 1
github.com/takattila/monitor/pkg/common/common.go:182.14,184.3 1 1
github.com/takattila/monitor/pkg/common/common.go:185.2,186.42 2 1
github.com/takattila/monitor/pkg/common/common.go:186.42,189.3 2 1
github.com/takattila/monitor/pkg/common/common.go:190.2,190.42 1 1
github.com/takattila/monitor/pkg/common/common.go:193.45,198.2 4 1
github.com/takattila/monitor/pkg/common/common.go:200.35,207.2 6 1
github.com/takattila/monitor/pkg/common/common.go:209.29,214.2 4 1
github.com/takattila/monitor/pkg/common/common.go:217.39,219.39 2 1
github.com/takattila/monitor/pkg/common/common.go:219.39,221.3 1 1
github.com/takattila/monitor/pkg/common/common.go:222.2,222.22 1 1
github.com/takattila/monitor/pkg/common/common.go:225.35,228.2 2 1
github.com/takattila/monitor/pkg/common/common.go:230.32,235.2 4 1
github.com/takattila/monitor/pkg/common/common.go:237.38,240.31 3 1
github.com/takattila/monitor/pkg/common/common.go:241.12,242.49 1 1
github.com/takattila/monitor/pkg/common/common.go:243.12,244.42 1 1
github.com/takattila/monitor/pkg/common/common.go:245.12,246.35 1 1
github.com/takattila/monitor/pkg/common/common.go:247.12,248.28 1 1
github.com/takattila/monitor/pkg/common/common.go:249.12,250.21 1 1
github.com/takattila/monitor/pkg/common/common.go:251.11,252.14 1 1
github.com/takattila/monitor/pkg/common/common.go:253.10,254.11 1 1
github.com/takattila/monitor/pkg/common/common.go:258.72,260.22 2 1
github.com/takattila/monitor/pkg/common/common.go:260.22,261.31 1 1
github.com/takattila/monitor/pkg/common/common.go:261.31,263.4 1 1
github.com/takattila/monitor/pkg/common/common.go:263.9,265.4 1 1
github.com/takattila/monitor/pkg/common/common.go:267.2,267.17 1 1
github.com/takattila/monitor/pkg/common/common.go:270.58,271.29 1 1
github.com/takattila/monitor/pkg/common/common.go:271.29,272.23 1 1
github.com/takattila/monitor/pkg/common/common.go:272.23,274.4 1 1
github.com/takattila/monitor/pkg/common/common.go:276.2,276.14 1 1
github.com/takattila/monitor/pkg/common/common.go:279.43,281.58 2 1
github.com/takattila/monitor/pkg/common/common.go:281.58,283.3 1 1
github.com/takattila/monitor/pkg/common/common.go:284.2,284.74 1 1
